Arguments: 
  C:\Program Files\nodejs\node.exe C:\Users\Swayaan\AppData\Roaming\npm\node_modules\yarn\bin\yarn.js add appolo-server graphql mongoose

PATH: 
  C:\Cmder\bin;C:\Cmder\vendor\bin;C:\Windows\system32;C:\Windows;C:\Windows\System32\Wbem;C:\Windows\System32\WindowsPowerShell\v1.0\;C:\Windows\System32\OpenSSH\;C:\Program Files\Git\cmd;C:\Program Files\Docker\Docker\resources\bin;C:\ProgramData\DockerDesktop\version-bin;C:\Users\Swayaan\AppData\Roaming\nvm;C:\Program Files\nodejs;C:\Users\Swayaan\AppData\Local\Microsoft\WindowsApps;C:\Users\Swayaan\AppData\Local\Programs\Microsoft VS Code\bin;C:\Users\Swayaan\AppData\Roaming\npm;C:\Program Files\heroku\bin;C:\Users\Swayaan\AppData\Roaming\nvm;C:\Program Files\nodejs;C:\Program Files\Git\mingw64\bin;C:\Program Files\Git\usr\bin;C:\Cmder

Yarn version: 
  1.22.10

Node version: 
  12.19.1

Platform: 
  win32 x64

Trace: 
  Error: https://registry.yarnpkg.com/appolo-server: Not found
      at Request.params.callback [as _callback] (C:\Users\Swayaan\AppData\Roaming\npm\node_modules\yarn\lib\cli.js:66988:18)
      at Request.self.callback (C:\Users\Swayaan\AppData\Roaming\npm\node_modules\yarn\lib\cli.js:140662:22)
      at Request.emit (events.js:314:20)
      at Request.<anonymous> (C:\Users\Swayaan\AppData\Roaming\npm\node_modules\yarn\lib\cli.js:141634:10)
      at Request.emit (events.js:314:20)
      at IncomingMessage.<anonymous> (C:\Users\Swayaan\AppData\Roaming\npm\node_modules\yarn\lib\cli.js:141556:12)
      at Object.onceWrapper (events.js:420:28)
      at IncomingMessage.emit (events.js:326:22)
      at endReadableNT (_stream_readable.js:1223:12)
      at processTicksAndRejections (internal/process/task_queues.js:84:21)

npm manifest: 
  {
    "name": "next-gaphql",
    "version": "1.0.0",
    "main": "index.js",
    "license": "MIT"
  }

yarn manifest: 
  No manifest

Lockfile: 
  No lockfile
